 COORDINATES OF NACA AIRFOILS
 Created by naca456, version 1.1 (7 November 2010) on 19:33 18Mar2018
 Ralph L. Carmichael, Public Domain Aeronautical Software
  
 NACA 64A212                                                                     
Six-series profile, family= 64A   t/c= 0.1200
Six-series mean line (modified), cl= 0.2000  (a=0.8 always for 6M)
  
                       THICKNESS          MEAN LINE
            x         y      dy/dx         y      dy/dx
     1  0.000000  0.000000  0.000000  0.000000  0.000000
     2  0.000050  0.001000  9.888149  0.000010  0.174941
     3  0.000100  0.001408  6.953582  0.000018  0.162934
     4  0.000200  0.001986  4.936270  0.000034  0.150926
     5  0.000300  0.002430  4.047265  0.000048  0.143901
     6  0.000400  0.002805  3.501484  0.000062  0.138916
     7  0.000500  0.003135  3.119251  0.000076  0.135049
     8  0.000600  0.003433  2.834038  0.000090  0.131889
     9  0.000800  0.003957  2.442860  0.000115  0.126902
    10  0.001000  0.004418  2.180089  0.000140  0.123033
    11  0.001200  0.004833  1.983238  0.000165  0.119871
    12  0.001400  0.005215  1.826551  0.000188  0.117198
    13  0.001600  0.005566  1.698927  0.000212  0.114881
    14  0.001800  0.005895  1.593727  0.000234  0.112837
    15  0.002000  0.006205  1.505212  0.000257  0.111008
    16  0.002500  0.006912  1.331494  0.000311  0.107133
    17  0.003000  0.007543  1.199654  0.000364  0.103966
    18  0.003500  0.008117  1.099188  0.000415  0.101286
    19  0.004000  0.008645  1.020040  0.000465  0.098963
    20  0.004500  0.009138  0.951615  0.000514  0.096913
    21  0.005000  0.009599  0.892360  0.000562  0.095079
    22  0.006000  0.010443  0.801437  0.000656  0.091901
    23  0.007000  0.011210  0.734982  0.000746  0.089212
    24  0.008000  0.011918  0.683703  0.000834  0.086879
    25  0.009000  0.012580  0.642344  0.000920  0.084820
    26  0.010000  0.013205  0.607255  0.001004  0.082975
    27  0.011000  0.013796  0.576719  0.001086  0.081305
    28  0.012000  0.014360  0.550093  0.001167  0.079778
    29  0.013000  0.014898  0.527507  0.001246  0.078372
    30  0.014000  0.015416  0.507878  0.001323  0.077069
    31  0.015000  0.015914  0.490247  0.001400  0.075854
    32  0.016000  0.016397  0.473935  0.001475  0.074717
    33  0.018000  0.017315  0.445266  0.001622  0.072637
    34  0.020000  0.018182  0.422920  0.001766  0.070773
    35  0.025000  0.020173  0.376055  0.002109  0.066808
    36  0.030000  0.021961  0.341757  0.002435  0.063551
    37  0.035000  0.023600  0.314185  0.002746  0.060780
    38  0.040000  0.025118  0.292791  0.003043  0.058367
    39  0.045000  0.026536  0.275402  0.003330  0.056225
    40  0.050000  0.027874  0.259210  0.003606  0.054298
    41  0.055000  0.029133  0.245634  0.003873  0.052545
    42  0.060000  0.030335  0.234310  0.004132  0.050934
    43  0.070000  0.032576  0.215555  0.004626  0.048056
    44  0.080000  0.034649  0.200229  0.005094  0.045532
    45  0.090000  0.036580  0.185823  0.005538  0.043278
    46  0.100000  0.038383  0.173774  0.005960  0.041237
    47  0.120000  0.041628  0.151647  0.006748  0.037638
    48  0.140000  0.044484  0.134432  0.007469  0.034515
    49  0.160000  0.047025  0.120024  0.008131  0.031738
    50  0.180000  0.049295  0.107025  0.008740  0.029220
    51  0.200000  0.051309  0.094981  0.009301  0.026904
    52  0.220000  0.053082  0.082933  0.009817  0.024747
    53  0.240000  0.054634  0.072699  0.010292  0.022719
    54  0.260000  0.055977  0.062450  0.010727  0.020796
    55  0.280000  0.057122  0.053199  0.011124  0.018957
    56  0.300000  0.058077  0.043461  0.011486  0.017189
    57  0.320000  0.058844  0.033202  0.011812  0.015478
    58  0.340000  0.059416  0.023539  0.012105  0.013814
    59  0.360000  0.059805  0.013674  0.012365  0.012187
    60  0.380000  0.059985  0.002620  0.012593  0.010589
    61  0.400000  0.059916 -0.010590  0.012789  0.009012
    62  0.420000  0.059578 -0.023696  0.012953  0.007450
    63  0.440000  0.058989 -0.034834  0.013087  0.005896
    64  0.460000  0.058189 -0.044686  0.013189  0.004343
    65  0.480000  0.057199 -0.053515  0.013260  0.002785
    66  0.500000  0.056034 -0.062739  0.013301  0.001215
    67  0.520000  0.054702 -0.070803  0.013309 -0.000373
    68  0.540000  0.053214 -0.077866  0.013285 -0.001987
    69  0.560000  0.051597 -0.083816  0.013229 -0.003635
    70  0.580000  0.049855 -0.090060  0.013140 -0.005327
    71  0.600000  0.047994 -0.095624  0.013016 -0.007074
    72  0.620000  0.046020 -0.101163  0.012856 -0.008888
    73  0.640000  0.043946 -0.106522  0.012660 -0.010786
    74  0.660000  0.041776 -0.110088  0.012424 -0.012788
    75  0.680000  0.039522 -0.115052  0.012147 -0.014920
    76  0.700000  0.037191 -0.117580  0.011826 -0.017218
    77  0.720000  0.034806 -0.120305  0.011457 -0.019736
    78  0.740000  0.032387 -0.121999  0.011035 -0.022555
    79  0.760000  0.029932 -0.123038  0.010552 -0.025815
    80  0.780000  0.027461 -0.124343  0.009997 -0.029826
    81  0.800000  0.024983 -0.123949  0.009347 -0.036069
    82  0.820000  0.022505 -0.123076  0.008556 -0.042127
    83  0.840000  0.020033 -0.122703  0.007676 -0.045582
    84  0.860000  0.017574 -0.122973  0.006740 -0.047902
    85  0.880000  0.015113 -0.123697  0.005885 -0.049042
    86  0.900000  0.012613 -0.126301  0.004904 -0.049042
    87  0.920000  0.010060 -0.127095  0.003923 -0.049042
    88  0.940000  0.007583 -0.119402  0.002943 -0.049042
    89  0.950000  0.006424 -0.111715  0.002452 -0.049042
    90  0.960000  0.005347 -0.103786  0.001962 -0.049042
    91  0.970000  0.004337 -0.098901  0.001471 -0.049042
    92  0.975000  0.003843 -0.099192  0.001226 -0.049042
    93  0.980000  0.003347 -0.100616  0.000981 -0.049042
    94  0.985000  0.002831 -0.105708  0.000736 -0.049042
    95  0.990000  0.002269 -0.120330  0.000490 -0.049042
    96  0.995000  0.001585 -0.161995  0.000245 -0.049042
    97  0.999000  0.000706 -0.352067  0.000049 -0.049042
    98  1.000000 -0.000000 -9.434268 -0.000000 -0.049042

COORDINATES OF NACA AIRFOILS           19:33 18Mar2018
 NACA 64A212                                                                     
 COMBINED THICKNESS AND CAMBER
         xupper    yupper    xlower    ylower
     1  0.000000  0.000000  0.000000  0.000000
     2 -0.000122  0.000995  0.000222 -0.000976
     3 -0.000126  0.001408  0.000326 -0.001371
     4 -0.000096  0.001997  0.000496 -0.001930
     5 -0.000046  0.002454  0.000646 -0.002357
     6  0.000014  0.002841  0.000786 -0.002716
     7  0.000080  0.003183  0.000920 -0.003031
     8  0.000151  0.003493  0.001049 -0.003314
     9  0.000302  0.004041  0.001298 -0.003811
    10  0.000460  0.004525  0.001540 -0.004245
    11  0.000625  0.004964  0.001775 -0.004634
    12  0.000793  0.005367  0.002007 -0.004991
    13  0.000965  0.005741  0.002235 -0.005318
    14  0.001139  0.006092  0.002461 -0.005624
    15  0.001315  0.006424  0.002685 -0.005910
    16  0.001764  0.007183  0.003236 -0.006561
    17  0.002220  0.007867  0.003780 -0.007139
    18  0.002682  0.008491  0.004318 -0.007660
    19  0.003149  0.009069  0.004851 -0.008138
    20  0.003618  0.009610  0.005382 -0.008582
    21  0.004091  0.010118  0.005909 -0.008993
    22  0.005044  0.011055  0.006956 -0.009744
    23  0.006004  0.011912  0.007996 -0.010419
    24  0.006968  0.012708  0.009032 -0.011039
    25  0.007937  0.013455  0.010063 -0.011615
    26  0.008908  0.014164  0.011092 -0.012156
    27  0.009882  0.014837  0.012118 -0.012665
    28  0.010858  0.015481  0.013142 -0.013148
    29  0.011836  0.016098  0.014164 -0.013607
    30  0.012815  0.016693  0.015185 -0.014047
    31  0.013796  0.017269  0.016204 -0.014469
    32  0.014778  0.017826  0.017222 -0.014876
    33  0.016746  0.018892  0.019254 -0.015647
    34  0.018716  0.019903  0.021284 -0.016371
    35  0.023655  0.022237  0.026345 -0.018018
    36  0.028607  0.024351  0.031393 -0.019481
    37  0.033568  0.026302  0.036432 -0.020811
    38  0.038536  0.028119  0.041464 -0.022032
    39  0.043510  0.029824  0.046490 -0.023164
    40  0.048489  0.031439  0.051511 -0.024227
    41  0.053471  0.032966  0.056529 -0.025220
    42  0.058457  0.034427  0.061543 -0.026164
    43  0.068436  0.037165  0.071564 -0.027913
    44  0.078424  0.039707  0.081576 -0.029519
    45  0.088418  0.042084  0.091582 -0.031008
    46  0.098419  0.044310  0.101581 -0.032390
    47  0.118434  0.048347  0.121566 -0.034851
    48  0.138466  0.051927  0.141534 -0.036989
    49  0.158508  0.055132  0.161492 -0.038870
    50  0.178560  0.058014  0.181440 -0.040533
    51  0.198620  0.060592  0.201380 -0.041989
    52  0.218687  0.062883  0.221313 -0.043248
    53  0.238759  0.064912  0.241241 -0.044328
    54  0.258836  0.066692  0.261164 -0.045238
    55  0.278917  0.068236  0.281083 -0.045987
    56  0.299002  0.069554  0.300998 -0.046583
    57  0.319089  0.070649  0.320911 -0.047025
    58  0.339179  0.071516  0.340821 -0.047305
    59  0.359271  0.072166  0.360729 -0.047436
    60  0.379365  0.072574  0.380635 -0.047389
    61  0.399460  0.072703  0.400540 -0.047125
    62  0.419556  0.072529  0.420444 -0.046623
    63  0.439652  0.072075  0.440348 -0.045901
    64  0.459747  0.071378  0.460253 -0.045000
    65  0.479841  0.070459  0.480159 -0.043938
    66  0.499932  0.069335  0.500068 -0.042734
    67  0.520020  0.068011  0.519980 -0.041393
    68  0.540106  0.066499  0.539894 -0.039929
    69  0.560188  0.064826  0.559812 -0.038368
    70  0.580266  0.062994  0.579734 -0.036715
    71  0.600340  0.061008  0.599661 -0.034977
    72  0.620409  0.058875  0.619591 -0.033162
    73  0.640474  0.056603  0.639526 -0.031284
    74  0.660534  0.054197  0.659466 -0.029348
    75  0.680590  0.051665  0.679410 -0.027370
    76  0.700640  0.049012  0.699360 -0.025359
    77  0.720687  0.046257  0.719313 -0.023342
    78  0.740730  0.043414  0.739270 -0.021344
    79  0.760772  0.040474  0.759228 -0.019370
    80  0.780819  0.037446  0.779181 -0.017452
    81  0.800901  0.034313  0.799100 -0.015620
    82  0.820947  0.031041  0.819053 -0.013930
    83  0.840912  0.027688  0.839088 -0.012336
    84  0.860841  0.024294  0.859159 -0.010814
    85  0.880740  0.020980  0.879260 -0.009210
    86  0.900618  0.017502  0.899382 -0.007693
    87  0.920493  0.013971  0.919507 -0.006125
    88  0.940371  0.010516  0.939629 -0.004631
    89  0.950315  0.008868  0.949685 -0.003964
    90  0.960262  0.007303  0.959738 -0.003379
    91  0.970212  0.005803  0.969788 -0.002860
    92  0.975188  0.005065  0.974812 -0.002612
    93  0.980164  0.004324  0.979836 -0.002362
    94  0.985139  0.003564  0.984861 -0.002092
    95  0.990111  0.002757  0.989889 -0.001776
    96  0.995078  0.001829  0.994922 -0.001338
    97  0.999035  0.000755  0.998965 -0.000657
    98  1.000000 -0.000000  1.000000  0.000000

COORDINATES OF NACA AIRFOILS           19:33 18Mar2018
 NACA 64A212                                                                     
 INTERPOLATED COORDINATES
            x      yupper   ylower
     1  0.000000  0.000000  0.000000
     2  0.000050  0.003034 -0.000248
     3  0.000100  0.003274 -0.000473
     4  0.000200  0.003684 -0.000887
     5  0.000300  0.004035 -0.001275
     6  0.000400  0.004350 -0.001625
     7  0.000500  0.004636 -0.001941
     8  0.000600  0.004901 -0.002231
     9  0.000800  0.005384 -0.002751
    10  0.001000  0.005814 -0.003209
    11  0.001200  0.006209 -0.003622
    12  0.001400  0.006576 -0.003998
    13  0.001600  0.006918 -0.004347
    14  0.001800  0.007240 -0.004674
    15  0.002000  0.007547 -0.004980
    16  0.002500  0.008252 -0.005674
    17  0.003000  0.008890 -0.006292
    18  0.003500  0.009477 -0.006848
    19  0.004000  0.010022 -0.007357
    20  0.004500  0.010532 -0.007828
    21  0.005000  0.011014 -0.008265
    22  0.006000  0.011909 -0.009062
    23  0.007000  0.012733 -0.009774
    24  0.008000  0.013503 -0.010422
    25  0.009000  0.014228 -0.011021
    26  0.010000  0.014917 -0.011581
    27  0.011000  0.015572 -0.012109
    28  0.012000  0.016199 -0.012608
    29  0.013000  0.016803 -0.013082
    30  0.014000  0.017386 -0.013535
    31  0.015000  0.017949 -0.013968
    32  0.016000  0.018495 -0.014386
    33  0.018000  0.019541 -0.015177
    34  0.020000  0.020535 -0.015918
    35  0.025000  0.022831 -0.017600
    36  0.030000  0.024914 -0.019092
    37  0.035000  0.026839 -0.020445
    38  0.040000  0.028631 -0.021686
    39  0.045000  0.030316 -0.022836
    40  0.050000  0.031910 -0.023914
    41  0.055000  0.033421 -0.024923
    42  0.060000  0.034866 -0.025878
    43  0.070000  0.037575 -0.027650
    44  0.080000  0.040092 -0.029274
    45  0.090000  0.042446 -0.030780
    46  0.100000  0.044649 -0.032178
    47  0.120000  0.048642 -0.034671
    48  0.140000  0.052185 -0.036834
    49  0.160000  0.055357 -0.038737
    50  0.180000  0.058209 -0.040420
    51  0.200000  0.060758 -0.041895
    52  0.220000  0.063023 -0.043171
    53  0.240000  0.065029 -0.044266
    54  0.260000  0.066787 -0.045189
    55  0.280000  0.068312 -0.045950
    56  0.300000  0.069614 -0.046556
    57  0.320000  0.070694 -0.047008
    58  0.340000  0.071546 -0.047297
    59  0.360000  0.072185 -0.047434
    60  0.380000  0.072583 -0.047394
    61  0.400000  0.072702 -0.047136
    62  0.420000  0.072522 -0.046636
    63  0.440000  0.072065 -0.045915
    64  0.460000  0.071368 -0.045012
    65  0.480000  0.070451 -0.043947
    66  0.500000  0.069331 -0.042738
    67  0.520000  0.068012 -0.041391
    68  0.540000  0.066508 -0.039920
    69  0.560000  0.064842 -0.038352
    70  0.580000  0.063020 -0.036692
    71  0.600000  0.061043 -0.034946
    72  0.620000  0.058920 -0.033124
    73  0.640000  0.056659 -0.031239
    74  0.660000  0.054263 -0.029296
    75  0.680000  0.051741 -0.027311
    76  0.700000  0.049098 -0.025294
    77  0.720000  0.046352 -0.023273
    78  0.740000  0.043519 -0.021271
    79  0.760000  0.040589 -0.019294
    80  0.780000  0.037572 -0.017374
    81  0.800000  0.034457 -0.015540
    82  0.820000  0.031198 -0.013852
    83  0.840000  0.027844 -0.012266
    84  0.860000  0.024435 -0.010748
    85  0.880000  0.021105 -0.009152
    86  0.900000  0.017611 -0.007646
    87  0.920000  0.014059 -0.006087
    88  0.940000  0.010579 -0.004605
    89  0.950000  0.008919 -0.003945
    90  0.960000  0.007343 -0.003365
    91  0.970000  0.005834 -0.002850
    92  0.975000  0.005092 -0.002603
    93  0.980000  0.004349 -0.002354
    94  0.985000  0.003585 -0.002085
    95  0.990000  0.002777 -0.001767
    96  0.995000  0.001841 -0.001333
    97  0.999000  0.000775 -0.000641
    98  1.000000 -0.000000  0.000000
 End of output for cambered airfoil
